<?xml version="1.0" encoding="UTF-8"?>
<!-- Generated by org.testng.reporters.JUnitReportReporter -->
<testsuite hostname="DESKTOP-TTPOTVS" name="testbaidu.Tbaidu" tests="1" failures="0" timestamp="14 Mar 2019 01:42:05 GMT" time="4.727" errors="0">
  <testcase name="openchrome" time="4.727" classname="testbaidu.Tbaidu"/>
</testsuite> <!-- testbaidu.Tbaidu -->
